\BOOKMARK [1][-]{section.1}{1 Grundlagen}{}% 1
\BOOKMARK [2][-]{subsection.1.1}{1.1 Allgemeine Anforderungen an Betriebssysteme}{section.1}% 2
\BOOKMARK [2][-]{subsection.1.2}{1.2 Echtzeitsysteme}{section.1}% 3
\BOOKMARK [2][-]{subsection.1.3}{1.3 Anforderungen an Echtzeitbetriebssysteme}{section.1}% 4
\BOOKMARK [1][-]{section.2}{2 FreeRtos}{}% 5
\BOOKMARK [2][-]{subsection.2.1}{2.1 Geschichte}{section.2}% 6
\BOOKMARK [2][-]{subsection.2.2}{2.2 Zielsysteme}{section.2}% 7
\BOOKMARK [2][-]{subsection.2.3}{2.3 Entwicklungsumgebung}{section.2}% 8
\BOOKMARK [2][-]{subsection.2.4}{2.4 Fokus bei der Entwicklung}{section.2}% 9
\BOOKMARK [2][-]{subsection.2.5}{2.5 Ordner und Dateistrukturen}{section.2}% 10
\BOOKMARK [2][-]{subsection.2.6}{2.6 Installation}{section.2}% 11
\BOOKMARK [2][-]{subsection.2.7}{2.7 Scheduling}{section.2}% 12
\BOOKMARK [2][-]{subsection.2.8}{2.8 Memory Management}{section.2}% 13
\BOOKMARK [2][-]{subsection.2.9}{2.9 Interprozess Kommunikation}{section.2}% 14
\BOOKMARK [2][-]{subsection.2.10}{2.10 Software Timer}{section.2}% 15
\BOOKMARK [2][-]{subsection.2.11}{2.11 Interrupt Handling}{section.2}% 16
\BOOKMARK [2][-]{subsection.2.12}{2.12 Sonstige Ma\337nahmen zur Sicherstellung der Echtzeitfunktionalit\344t}{section.2}% 17
\BOOKMARK [1][-]{section.3}{3 Entwicklungsumgebung}{}% 18
\BOOKMARK [2][-]{subsection.3.1}{3.1 Eingesetzte Komponenten}{section.3}% 19
\BOOKMARK [2][-]{subsection.3.2}{3.2 Low Power Modes auf STM32F4 \(ARM Cortex M3\)}{section.3}% 20
\BOOKMARK [1][-]{section.4}{4 Echtzeitanalyse}{}% 21
\BOOKMARK [1][-]{section.5}{5 Debugging von Echtzeitsystemen}{}% 22
\BOOKMARK [1][-]{section.6}{6 Echzeit Pattern}{}% 23
\BOOKMARK [1][-]{section.7}{7 Komplexit\344t durch Nebenl\344ufigkeit}{}% 24
\BOOKMARK [1][-]{section.8}{8 Zusammenfassung}{}% 25
